<?xml version="1.0" encoding="UTF-8"?>
<testng-results skipped="0" failed="0" total="1" passed="1">
  <reporter-output>
  </reporter-output>
  <suite name="com.appium.tests.Runner" duration-ms="20386" started-at="2016-06-08T10:25:09Z" finished-at="2016-06-08T10:25:29Z">
    <groups>
    </groups>
    <test name="Command line test" duration-ms="20386" started-at="2016-06-08T10:25:09Z" finished-at="2016-06-08T10:25:29Z">
      <class name="com.appium.tests.Runner">
        <test-method status="PASS" signature="testRunner()[pri:0, instance:com.appium.tests.Runner@548b7f67]" name="testRunner" duration-ms="20374" started-at="2016-06-08T15:55:09Z" finished-at="2016-06-08T15:55:29Z">
          <reporter-output>
          </reporter-output>
        </test-method> <!-- testRunner -->
      </class> <!-- com.appium.tests.Runner -->
    </test> <!-- Command line test -->
  </suite> <!-- com.appium.tests.Runner -->
</testng-results>
